[DEBUG][main][2018-10-16 20:41:48][org.mybatis.generator.logging.Log4jImpl] - Retrieving column information for table "title"
[DEBUG][main][2018-10-16 20:41:48][org.mybatis.generator.logging.Log4jImpl] - Found column "title_id", data type 4, in table "sansql..title"
[DEBUG][main][2018-10-16 20:41:48][org.mybatis.generator.logging.Log4jImpl] - Found column "title_name", data type 12, in table "sansql..title"
[DEBUG][main][2018-10-16 20:41:48][org.mybatis.generator.logging.Log4jImpl] - Found column "title_state", data type 12, in table "sansql..title"
[DEBUG][main][2018-10-16 20:41:48][org.mybatis.generator.logging.Log4jImpl] - Found column "title_menuid", data type 12, in table "sansql..title"
[DEBUG][main][2018-10-16 20:41:48][org.mybatis.generator.logging.Log4jImpl] - Found column "title_delete", data type 4, in table "sansql..title"
[DEBUG][main][2018-10-16 20:44:08][org.mybatis.generator.logging.Log4jImpl] - Retrieving column information for table "title"
[DEBUG][main][2018-10-16 20:44:08][org.mybatis.generator.logging.Log4jImpl] - Found column "title_id", data type 4, in table "sansql..title"
[DEBUG][main][2018-10-16 20:44:08][org.mybatis.generator.logging.Log4jImpl] - Found column "title_name", data type 12, in table "sansql..title"
[DEBUG][main][2018-10-16 20:44:08][org.mybatis.generator.logging.Log4jImpl] - Found column "title_state", data type 12, in table "sansql..title"
[DEBUG][main][2018-10-16 20:44:08][org.mybatis.generator.logging.Log4jImpl] - Found column "title_menuid", data type 12, in table "sansql..title"
[DEBUG][main][2018-10-16 20:44:08][org.mybatis.generator.logging.Log4jImpl] - Found column "title_delete", data type 4, in table "sansql..title"
[DEBUG][main][2018-10-17 16:27:05][org.mybatis.generator.logging.Log4jImpl] - Retrieving column information for table "title"
[DEBUG][main][2018-10-17 16:27:05][org.mybatis.generator.logging.Log4jImpl] - Found column "title_id", data type 4, in table "sansql..title"
[DEBUG][main][2018-10-17 16:27:05][org.mybatis.generator.logging.Log4jImpl] - Found column "title_name", data type 12, in table "sansql..title"
[DEBUG][main][2018-10-17 16:27:05][org.mybatis.generator.logging.Log4jImpl] - Found column "title_state", data type 12, in table "sansql..title"
[DEBUG][main][2018-10-17 16:27:05][org.mybatis.generator.logging.Log4jImpl] - Found column "title_delete", data type 4, in table "sansql..title"
[DEBUG][main][2018-11-09 18:07:38][org.mybatis.generator.logging.Log4jImpl] - Retrieving column information for table "role"
[DEBUG][main][2018-11-09 18:07:38][org.mybatis.generator.logging.Log4jImpl] - Found column "role_id", data type 4, in table "sansql..role"
[DEBUG][main][2018-11-09 18:07:38][org.mybatis.generator.logging.Log4jImpl] - Found column "role_name", data type 12, in table "sansql..role"
[DEBUG][main][2018-11-09 18:07:38][org.mybatis.generator.logging.Log4jImpl] - Found column "role_state", data type 12, in table "sansql..role"
[DEBUG][main][2018-11-09 18:07:38][org.mybatis.generator.logging.Log4jImpl] - Found column "role_delete", data type 4, in table "sansql..role"
[DEBUG][main][2018-11-14 18:15:43][org.mybatis.generator.logging.Log4jImpl] - Retrieving column information for table "userinfo"
[DEBUG][main][2018-11-14 18:15:43][org.mybatis.generator.logging.Log4jImpl] - Found column "user_id", data type 4, in table "sansql..userinfo"
[DEBUG][main][2018-11-14 18:15:43][org.mybatis.generator.logging.Log4jImpl] - Found column "user_name", data type 12, in table "sansql..userinfo"
[DEBUG][main][2018-11-14 18:15:43][org.mybatis.generator.logging.Log4jImpl] - Found column "user_password", data type 12, in table "sansql..userinfo"
[DEBUG][main][2018-11-14 18:15:43][org.mybatis.generator.logging.Log4jImpl] - Found column "user_phone", data type 4, in table "sansql..userinfo"
[DEBUG][main][2018-11-14 18:15:43][org.mybatis.generator.logging.Log4jImpl] - Found column "user_mail", data type 12, in table "sansql..userinfo"
[DEBUG][main][2018-11-14 18:15:43][org.mybatis.generator.logging.Log4jImpl] - Found column "user_delete", data type 4, in table "sansql..userinfo"
[DEBUG][main][2018-11-14 18:39:01][org.mybatis.generator.logging.Log4jImpl] - Retrieving column information for table "userinfo"
[DEBUG][main][2018-11-14 18:39:01][org.mybatis.generator.logging.Log4jImpl] - Found column "user_id", data type 4, in table "sansql..userinfo"
[DEBUG][main][2018-11-14 18:39:01][org.mybatis.generator.logging.Log4jImpl] - Found column "user_name", data type 12, in table "sansql..userinfo"
[DEBUG][main][2018-11-14 18:39:01][org.mybatis.generator.logging.Log4jImpl] - Found column "user_password", data type 12, in table "sansql..userinfo"
[DEBUG][main][2018-11-14 18:39:01][org.mybatis.generator.logging.Log4jImpl] - Found column "user_phone", data type -5, in table "sansql..userinfo"
[DEBUG][main][2018-11-14 18:39:01][org.mybatis.generator.logging.Log4jImpl] - Found column "user_mail", data type 12, in table "sansql..userinfo"
[DEBUG][main][2018-11-14 18:39:01][org.mybatis.generator.logging.Log4jImpl] - Found column "user_delete", data type 4, in table "sansql..userinfo"
[DEBUG][main][2018-11-14 18:45:19][org.mybatis.generator.logging.Log4jImpl] - Retrieving column information for table "userinfo"
[DEBUG][main][2018-11-14 18:45:19][org.mybatis.generator.logging.Log4jImpl] - Found column "user_id", data type 4, in table "sansql..userinfo"
[DEBUG][main][2018-11-14 18:45:19][org.mybatis.generator.logging.Log4jImpl] - Found column "user_name", data type 12, in table "sansql..userinfo"
[DEBUG][main][2018-11-14 18:45:19][org.mybatis.generator.logging.Log4jImpl] - Found column "user_password", data type 12, in table "sansql..userinfo"
[DEBUG][main][2018-11-14 18:45:19][org.mybatis.generator.logging.Log4jImpl] - Found column "user_phone", data type -5, in table "sansql..userinfo"
[DEBUG][main][2018-11-14 18:45:19][org.mybatis.generator.logging.Log4jImpl] - Found column "user_mail", data type 12, in table "sansql..userinfo"
[DEBUG][main][2018-11-14 18:45:19][org.mybatis.generator.logging.Log4jImpl] - Found column "user_sex", data type 12, in table "sansql..userinfo"
[DEBUG][main][2018-11-14 18:45:19][org.mybatis.generator.logging.Log4jImpl] - Found column "user_delete", data type 4, in table "sansql..userinfo"
